Using pre-set license
Built from '2021.3/staging' branch; Version is '2021.3.8f1 (b30333d56e81) revision 11731763'; Using compiler version '192829333'; Build Type 'Release'
OS: 'Windows 10  (10.0.19044) 64bit Professional' Language: 'ko' Physical Memory: 15733 MB
BatchMode: 1, IsHumanControllingUs: 0, StartBugReporterOnCrash: 0, Is64bit: 1, IsPro: 1

COMMAND LINE ARGUMENTS:
C:\Program Files\Unity\Hub\Editor\2021.3.8f1\Editor\Unity.exe
-adb2
-batchMode
-noUpm
-name
AssetImportWorker2
-projectPath
C:/Users/red11/UnityStudy/CliveVS
-logFile
Logs/AssetImportWorker2.log
-srvPort
55599
Successfully changed project path to: C:/Users/red11/UnityStudy/CliveVS
C:/Users/red11/UnityStudy/CliveVS
[UnityMemory] Configuration Parameters - Can be set up in boot.config
    "memorysetup-bucket-allocator-granularity=16"
    "memorysetup-bucket-allocator-bucket-count=8"
    "memorysetup-bucket-allocator-block-size=33554432"
    "memorysetup-bucket-allocator-block-count=8"
    "memorysetup-main-allocator-block-size=16777216"
    "memorysetup-thread-allocator-block-size=16777216"
    "memorysetup-gfx-main-allocator-block-size=16777216"
    "memorysetup-gfx-thread-allocator-block-size=16777216"
    "memorysetup-cache-allocator-block-size=4194304"
    "memorysetup-typetree-allocator-block-size=2097152"
    "memorysetup-profiler-bucket-allocator-granularity=16"
    "memorysetup-profiler-bucket-allocator-bucket-count=8"
    "memorysetup-profiler-bucket-allocator-block-size=33554432"
    "memorysetup-profiler-bucket-allocator-block-count=8"
    "memorysetup-profiler-allocator-block-size=16777216"
    "memorysetup-profiler-editor-allocator-block-size=1048576"
    "memorysetup-temp-allocator-size-main=16777216"
    "memorysetup-job-temp-allocator-block-size=2097152"
    "memorysetup-job-temp-allocator-block-size-background=1048576"
    "memorysetup-job-temp-allocator-reduction-small-platforms=262144"
    "memorysetup-temp-allocator-size-background-worker=32768"
    "memorysetup-temp-allocator-size-job-worker=262144"
    "memorysetup-temp-allocator-size-preload-manager=33554432"
    "memorysetup-temp-allocator-size-nav-mesh-worker=65536"
    "memorysetup-temp-allocator-size-audio-worker=65536"
    "memorysetup-temp-allocator-size-cloud-worker=32768"
    "memorysetup-temp-allocator-size-gi-baking-worker=262144"
    "memorysetup-temp-allocator-size-gfx=262144"
Refreshing native plugins compatible for Editor in 128.65 ms, found 3 plugins.
Preloading 0 native plugins for Editor in 0.00 ms.
Initialize engine version: 2021.3.8f1 (b30333d56e81)
[Subsystems] Discovering subsystems at path C:/Program Files/Unity/Hub/Editor/2021.3.8f1/Editor/Data/Resources/UnitySubsystems
[Subsystems] Discovering subsystems at path C:/Users/red11/UnityStudy/CliveVS/Assets
GfxDevice: creating device client; threaded=0; jobified=0
Direct3D:
    Version:  Direct3D 11.0 [level 11.1]
    Renderer: NVIDIA GeForce GTX 1650 Ti (ID=0x1f95)
    Vendor:   NVIDIA
    VRAM:     3962 MB
    Driver:   31.0.15.1694
Initialize mono
Mono path[0] = 'C:/Program Files/Unity/Hub/Editor/2021.3.8f1/Editor/Data/Managed'
Mono path[1] = 'C:/Program Files/Unity/Hub/Editor/2021.3.8f1/Editor/Data/MonoBleedingEdge/lib/mono/unityjit-win32'
Mono config path = 'C:/Program Files/Unity/Hub/Editor/2021.3.8f1/Editor/Data/MonoBleedingEdge/etc'
Using monoOptions --debugger-agent=transport=dt_socket,embedding=1,server=y,suspend=n,address=127.0.0.1:56568
Begin MonoManager ReloadAssembly
Registering precompiled unity dll's ...
Register platform support module: C:/Program Files/Unity/Hub/Editor/2021.3.8f1/Editor/Data/PlaybackEngines/WindowsStandaloneSupport/UnityEditor.WindowsStandalone.Extensions.dll
Registered in 0.008982 seconds.
Native extension for WindowsStandalone target not found
Refreshing native plugins compatible for Editor in 128.54 ms, found 3 plugins.
Preloading 0 native plugins for Editor in 0.00 ms.
Mono: successfully reloaded assembly
- Completed reload, in  0.885 seconds
Domain Reload Profiling:
	ReloadAssembly (886ms)
		BeginReloadAssembly (96ms)
			ExecutionOrderSort (0ms)
			DisableScriptedObjects (0ms)
			BackupInstance (0ms)
			ReleaseScriptingObjects (0ms)
			CreateAndSetChildDomain (1ms)
		EndReloadAssembly (661ms)
			LoadAssemblies (93ms)
			RebuildTransferFunctionScriptingTraits (0ms)
			SetupTypeCache (115ms)
			ReleaseScriptCaches (0ms)
			RebuildScriptCaches (46ms)
			SetupLoadedEditorAssemblies (440ms)
				LogAssemblyErrors (0ms)
				InitializePlatformSupportModulesInManaged (10ms)
				SetLoadedEditorAssemblies (0ms)
				RefreshPlugins (129ms)
				BeforeProcessingInitializeOnLoad (4ms)
				ProcessInitializeOnLoadAttributes (229ms)
				ProcessInitializeOnLoadMethodAttributes (68ms)
				AfterProcessingInitializeOnLoad (0ms)
				EditorAssembliesLoaded (0ms)
			ExecutionOrderSort2 (0ms)
			AwakeInstancesAfterBackupRestoration (0ms)
Platform modules already initialized, skipping
Registering precompiled user dll's ...
Registered in 0.012617 seconds.
Begin MonoManager ReloadAssembly
Symbol file LoadedFromMemory doesn't match image C:\Users\red11\UnityStudy\CliveVS\Library\PackageCache\com.unity.visualscripting@1.7.8\Editor\VisualScripting.Core\Dependencies\YamlDotNet\Unity.VisualScripting.YamlDotNet.dll
Symbol file LoadedFromMemory doesn't match image C:\Users\red11\UnityStudy\CliveVS\Library\PackageCache\com.unity.visualscripting@1.7.8\Editor\VisualScripting.Core\Dependencies\DotNetZip\Unity.VisualScripting.IonicZip.dll
Native extension for WindowsStandalone target not found
Refreshing native plugins compatible for Editor in 159.50 ms, found 3 plugins.
Preloading 0 native plugins for Editor in 0.00 ms.
Mono: successfully reloaded assembly
- Completed reload, in  6.929 seconds
Domain Reload Profiling:
	ReloadAssembly (6930ms)
		BeginReloadAssembly (186ms)
			ExecutionOrderSort (0ms)
			DisableScriptedObjects (8ms)
			BackupInstance (0ms)
			ReleaseScriptingObjects (0ms)
			CreateAndSetChildDomain (29ms)
		EndReloadAssembly (6540ms)
			LoadAssemblies (3866ms)
			RebuildTransferFunctionScriptingTraits (0ms)
			SetupTypeCache (822ms)
			ReleaseScriptCaches (1ms)
			RebuildScriptCaches (116ms)
			SetupLoadedEditorAssemblies (1690ms)
				LogAssemblyErrors (0ms)
				InitializePlatformSupportModulesInManaged (7ms)
				SetLoadedEditorAssemblies (0ms)
				RefreshPlugins (160ms)
				BeforeProcessingInitializeOnLoad (153ms)
				ProcessInitializeOnLoadAttributes (378ms)
				ProcessInitializeOnLoadMethodAttributes (979ms)
				AfterProcessingInitializeOnLoad (13ms)
				EditorAssembliesLoaded (0ms)
			ExecutionOrderSort2 (0ms)
			AwakeInstancesAfterBackupRestoration (15ms)
Platform modules already initialized, skipping
========================================================================
Worker process is ready to serve import requests
Launched and connected shader compiler UnityShaderCompiler.exe after 0.09 seconds
Refreshing native plugins compatible for Editor in 2.27 ms, found 3 plugins.
Preloading 0 native plugins for Editor in 0.00 ms.
Unloading 5663 Unused Serialized files (Serialized files now loaded: 0)
Unloading 35 unused Assets / (1.5 MB). Loaded Objects now: 6120.
Memory consumption went from 224.4 MB to 222.9 MB.
Total: 10.186100 ms (FindLiveObjects: 1.096300 ms CreateObjectMapping: 0.813100 ms MarkObjects: 7.239000 ms  DeleteObjects: 1.035700 ms)

AssetImportParameters requested are different than current active one (requested -> active):
  custom:video-decoder-ogg-theora: a1e56fd34408186e4bbccfd4996cb3dc -> 
  custom:container-muxer-webm: aa71ff27fc2769a1b78a27578f13a17b -> 
  custom:container-demuxer-webm: 4f35f7cbe854078d1ac9338744f61a02 -> 
  custom:video-encoder-webm-vp8: eb34c28f22e8b96e1ab97ce403110664 -> 
  custom:audio-encoder-webm-vorbis: bf7c407c2cedff20999df2af8eb42d56 -> 
  custom:framework-win-MediaFoundation: 216162199b28c13a410421893ffa2e32 -> 
  custom:container-demuxer-ogg: 62fdf1f143b41e24485cea50d1cbac27 -> 
  custom:video-decoder-webm-vp8: 9c59270c3fd7afecdb556c50c9e8de78 -> 
  custom:audio-decoder-ogg-vorbis: bf7c407c2cedff20999df2af8eb42d56 -> 
========================================================================
Received Import Request.
  Time since last request: 806.331079 seconds.
  path: Assets/VisualScriptingTutorial/Tutorial/VisualScripts/Samples/Super_0.asset
  artifactKey: Guid(0b4dd84c97192d54aa982ce843c3486f) Importer(815301076,1909f56bfc062723c751e8b465ee728b)
Start importing Assets/VisualScriptingTutorial/Tutorial/VisualScripts/Samples/Super_0.asset using Guid(0b4dd84c97192d54aa982ce843c3486f) Importer(815301076,1909f56bfc062723c751e8b465ee728b)  -> (artifact id: 'b38fc1211404c4e807aee99524e0bb51') in 1.144953 seconds 
========================================================================
Received Import Request.
  Time since last request: 0.000046 seconds.
  path: Assets/VisualScriptingTutorial/Tutorial/VisualScripts/BaseDoorScript.asset
  artifactKey: Guid(23eaa153e74c9cb4fbe73543e8272589) Importer(815301076,1909f56bfc062723c751e8b465ee728b)
Start importing Assets/VisualScriptingTutorial/Tutorial/VisualScripts/BaseDoorScript.asset using Guid(23eaa153e74c9cb4fbe73543e8272589) Importer(815301076,1909f56bfc062723c751e8b465ee728b)  -> (artifact id: '12b1d695fbc7f4fb0619e9c3d0d136f5') in 0.047277 seconds 
========================================================================
Received Import Request.
  Time since last request: 0.000048 seconds.
  path: Assets/VisualScriptingTutorial/Tutorial/VisualScripts/Samples/Final_TrapDoorStates.asset
  artifactKey: Guid(cd9d7d1e7332390479c701ae3b4ea145) Importer(815301076,1909f56bfc062723c751e8b465ee728b)
Start importing Assets/VisualScriptingTutorial/Tutorial/VisualScripts/Samples/Final_TrapDoorStates.asset using Guid(cd9d7d1e7332390479c701ae3b4ea145) Importer(815301076,1909f56bfc062723c751e8b465ee728b)  -> (artifact id: '3e73daef6a252fd79dcc206a0cb20522') in 1.124922 seconds 
========================================================================
Received Import Request.
  Time since last request: 0.000034 seconds.
  path: Assets/VisualScriptingTutorial/Tutorial/VisualScripts/Samples/Final_TrapDoorOpenState.asset
  artifactKey: Guid(5db7dab2ac72fc14d84ebe2e09f5f3bf) Importer(815301076,1909f56bfc062723c751e8b465ee728b)
Start importing Assets/VisualScriptingTutorial/Tutorial/VisualScripts/Samples/Final_TrapDoorOpenState.asset using Guid(5db7dab2ac72fc14d84ebe2e09f5f3bf) Importer(815301076,1909f56bfc062723c751e8b465ee728b) Could not load connection between 'output' of 'Literal#fb12c...' and 'Animation Value' of 'SubgraphUnit#53531...'.
UnityEngine.StackTraceUtility:ExtractStackTrace ()
UnityEngine.DebugLogHandler:LogFormat (UnityEngine.LogType,UnityEngine.Object,string,object[])
UnityEngine.Logger:Log (UnityEngine.LogType,object)
UnityEngine.Debug:LogWarning (object)
Unity.VisualScripting.UnitConnection`2<Unity.VisualScripting.ValueOutput, Unity.VisualScripting.ValueInput>:HandleDependencies () (at Library/PackageCache/com.unity.visualscripting@1.7.8/Runtime/VisualScripting.Flow/Connections/UnitConnection.cs:143)
Unity.VisualScripting.Graph:OnAfterDependenciesDeserialized () (at Library/PackageCache/com.unity.visualscripting@1.7.8/Runtime/VisualScripting.Core/Graphs/Graph.cs:112)
Unity.VisualScripting.Serialization:CheckIfDependenciesMet (Unity.VisualScripting.ISerializationDepender) (at Library/PackageCache/com.unity.visualscripting@1.7.8/Runtime/VisualScripting.Core/Serialization/Serialization.cs:316)
Unity.VisualScripting.Serialization:AwaitDependencies (Unity.VisualScripting.ISerializationDepender) (at Library/PackageCache/com.unity.visualscripting@1.7.8/Runtime/VisualScripting.Core/Serialization/Serialization.cs:256)
Unity.VisualScripting.Graph:OnAfterDeserialize () (at Library/PackageCache/com.unity.visualscripting@1.7.8/Runtime/VisualScripting.Core/Graphs/Graph.cs:93)
Unity.VisualScripting.FullSerializer.fsSerializationCallbackReceiverProcessor:OnAfterDeserialize (System.Type,object) (at Library/PackageCache/com.unity.visualscripting@1.7.8/Runtime/VisualScripting.Core/Dependencies/FullSerializer/fsISerializationCallbacks.cs:127)
Unity.VisualScripting.FullSerializer.fsSerializer:Invoke_OnAfterDeserialize (System.Collections.Generic.List`1<Unity.VisualScripting.FullSerializer.fsObjectProcessor>,System.Type,object) (at Library/PackageCache/com.unity.visualscripting@1.7.8/Runtime/VisualScripting.Core/Dependencies/FullSerializer/fsSerializer.cs:1186)
Unity.VisualScripting.FullSerializer.fsSerializer:TryDeserialize (Unity.VisualScripting.FullSerializer.fsData,System.Type,System.Type,object&) (at Library/PackageCache/com.unity.visualscripting@1.7.8/Runtime/VisualScripting.Core/Dependencies/FullSerializer/fsSerializer.cs:673)
Unity.VisualScripting.FullSerializer.fsReflectedConverter:TryDeserialize (Unity.VisualScripting.FullSerializer.fsData,object&,System.Type) (at Library/PackageCache/com.unity.visualscripting@1.7.8/Runtime/VisualScripting.Core/Dependencies/FullSerializer/Converters/fsReflectedConverter.cs:97)
Unity.VisualScripting.FullSerializer.fsSerializer:InternalDeserialize_5_Converter (System.Type,Unity.VisualScripting.FullSerializer.fsData,System.Type,object&) (at Library/PackageCache/com.unity.visualscripting@1.7.8/Runtime/VisualScripting.Core/Dependencies/FullSerializer/fsSerializer.cs:897)
Unity.VisualScripting.FullSerializer.fsSerializer:InternalDeserialize_4_Cycles (System.Type,Unity.VisualScripting.FullSerializer.fsData,System.Type,object&) (at Library/PackageCache/com.unity.visualscripting@1.7.8/Runtime/VisualScripting.Core/Dependencies/FullSerializer/fsSerializer.cs:887)
Unity.VisualScripting.FullSerializer.fsSerializer:InternalDeserialize_3_Inheritance (System.Type,Unity.VisualScripting.FullSerializer.fsData,System.Type,object&,System.Collections.Generic.List`1<Unity.VisualScripting.FullSerializer.fsObjectProcessor>&) (at Library/PackageCache/com.unity.visualscripting@1.7.8/Runtime/VisualScripting.Core/Dependencies/FullSerializer/fsSerializer.cs:862)
Unity.VisualScripting.FullSerializer.fsSerializer:InternalDeserialize_2_Version (System.Type,Unity.VisualScripting.FullSerializer.fsData,System.Type,object&,System.Collections.Generic.List`1<Unity.VisualScripting.FullSerializer.fsObjectProcessor>&) (at Library/PackageCache/com.unity.visualscripting@1.7.8/Runtime/VisualScripting.Core/Dependencies/FullSerializer/fsSerializer.cs:766)
Unity.VisualScripting.FullSerializer.fsSerializer:InternalDeserialize_1_CycleReference (System.Type,Unity.VisualScripting.FullSerializer.fsData,System.Type,object&,System.Collections.Generic.List`1<Unity.VisualScripting.FullSerializer.fsObjectProcessor>&) (at Library/PackageCache/com.unity.visualscripting@1.7.8/Runtime/VisualScripting.Core/Dependencies/FullSerializer/fsSerializer.cs:711)
Unity.VisualScripting.FullSerializer.fsSerializer:TryDeserialize (Unity.VisualScripting.FullSerializer.fsData,System.Type,System.Type,object&) (at Library/PackageCache/com.unity.visualscripting@1.7.8/Runtime/VisualScripting.Core/Dependencies/FullSerializer/fsSerializer.cs:664)
Unity.VisualScripting.Serialization:DeserializeJsonUtil (Unity.VisualScripting.FullSerializer.fsSerializer,string,object&,bool) (at Library/PackageCache/com.unity.visualscripting@1.7.8/Runtime/VisualScripting.Core/Serialization/Serialization.cs:182)
Unity.VisualScripting.Serialization:DeserializeJson (Unity.VisualScripting.FullSerializer.fsSerializer,string,object&,bool) (at Library/PackageCache/com.unity.visualscripting@1.7.8/Runtime/VisualScripting.Core/Serialization/Serialization.cs:196)
Unity.VisualScripting.Serialization:DeserializeInto (Unity.VisualScripting.SerializationData,object&,bool) (at Library/PackageCache/com.unity.visualscripting@1.7.8/Runtime/VisualScripting.Core/Serialization/Serialization.cs:122)
Unity.VisualScripting.LudiqScriptableObject:UnityEngine.ISerializationCallbackReceiver.OnAfterDeserialize () (at Library/PackageCache/com.unity.visualscripting@1.7.8/Runtime/VisualScripting.Core/Unity/LudiqScriptableObject.cs:52)

(Filename: Library/PackageCache/com.unity.visualscripting@1.7.8/Runtime/VisualScripting.Flow/Connections/UnitConnection.cs Line: 143)

Could not load connection between 'output' of 'Literal#c1f8e...' and 'Animation Name' of 'SubgraphUnit#53531...'.
UnityEngine.StackTraceUtility:ExtractStackTrace ()
UnityEngine.DebugLogHandler:LogFormat (UnityEngine.LogType,UnityEngine.Object,string,object[])
UnityEngine.Logger:Log (UnityEngine.LogType,object)
UnityEngine.Debug:LogWarning (object)
Unity.VisualScripting.UnitConnection`2<Unity.VisualScripting.ValueOutput, Unity.VisualScripting.ValueInput>:HandleDependencies () (at Library/PackageCache/com.unity.visualscripting@1.7.8/Runtime/VisualScripting.Flow/Connections/UnitConnection.cs:143)
Unity.VisualScripting.Graph:OnAfterDependenciesDeserialized () (at Library/PackageCache/com.unity.visualscripting@1.7.8/Runtime/VisualScripting.Core/Graphs/Graph.cs:112)
Unity.VisualScripting.Serialization:CheckIfDependenciesMet (Unity.VisualScripting.ISerializationDepender) (at Library/PackageCache/com.unity.visualscripting@1.7.8/Runtime/VisualScripting.Core/Serialization/Serialization.cs:316)
Unity.VisualScripting.Serialization:AwaitDependencies (Unity.VisualScripting.ISerializationDepender) (at Library/PackageCache/com.unity.visualscripting@1.7.8/Runtime/VisualScripting.Core/Serialization/Serialization.cs:256)
Unity.VisualScripting.Graph:OnAfterDeserialize () (at Library/PackageCache/com.unity.visualscripting@1.7.8/Runtime/VisualScripting.Core/Graphs/Graph.cs:93)
Unity.VisualScripting.FullSerializer.fsSerializationCallbackReceiverProcessor:OnAfterDeserialize (System.Type,object) (at Library/PackageCache/com.unity.visualscripting@1.7.8/Runtime/VisualScripting.Core/Dependencies/FullSerializer/fsISerializationCallbacks.cs:127)
Unity.VisualScripting.FullSerializer.fsSerializer:Invoke_OnAfterDeserialize (System.Collections.Generic.List`1<Unity.VisualScripting.FullSerializer.fsObjectProcessor>,System.Type,object) (at Library/PackageCache/com.unity.visualscripting@1.7.8/Runtime/VisualScripting.Core/Dependencies/FullSerializer/fsSerializer.cs:1186)
Unity.VisualScripting.FullSerializer.fsSerializer:TryDeserialize (Unity.VisualScripting.FullSerializer.fsData,System.Type,System.Type,object&) (at Library/PackageCache/com.unity.visualscripting@1.7.8/Runtime/VisualScripting.Core/Dependencies/FullSerializer/fsSerializer.cs:673)
Unity.VisualScripting.FullSerializer.fsReflectedConverter:TryDeserialize (Unity.VisualScripting.FullSerializer.fsData,object&,System.Type) (at Library/PackageCache/com.unity.visualscripting@1.7.8/Runtime/VisualScripting.Core/Dependencies/FullSerializer/Converters/fsReflectedConverter.cs:97)
Unity.VisualScripting.FullSerializer.fsSerializer:InternalDeserialize_5_Converter (System.Type,Unity.VisualScripting.FullSerializer.fsData,System.Type,object&) (at Library/PackageCache/com.unity.visualscripting@1.7.8/Runtime/VisualScripting.Core/Dependencies/FullSerializer/fsSerializer.cs:897)
Unity.VisualScripting.FullSerializer.fsSerializer:InternalDeserialize_4_Cycles (System.Type,Unity.VisualScripting.FullSerializer.fsData,System.Type,object&) (at Library/PackageCache/com.unity.visualscripting@1.7.8/Runtime/VisualScripting.Core/Dependencies/FullSerializer/fsSerializer.cs:887)
Unity.VisualScripting.FullSerializer.fsSerializer:InternalDeserialize_3_Inheritance (System.Type,Unity.VisualScripting.FullSerializer.fsData,System.Type,object&,System.Collections.Generic.List`1<Unity.VisualScripting.FullSerializer.fsObjectProcessor>&) (at Library/PackageCache/com.unity.visualscripting@1.7.8/Runtime/VisualScripting.Core/Dependencies/FullSerializer/fsSerializer.cs:862)
Unity.VisualScripting.FullSerializer.fsSerializer:InternalDeserialize_2_Version (System.Type,Unity.VisualScripting.FullSerializer.fsData,System.Type,object&,System.Collections.Generic.List`1<Unity.VisualScripting.FullSerializer.fsObjectProcessor>&) (at Library/PackageCache/com.unity.visualscripting@1.7.8/Runtime/VisualScripting.Core/Dependencies/FullSerializer/fsSerializer.cs:766)
Unity.VisualScripting.FullSerializer.fsSerializer:InternalDeserialize_1_CycleReference (System.Type,Unity.VisualScripting.FullSerializer.fsData,System.Type,object&,System.Collections.Generic.List`1<Unity.VisualScripting.FullSerializer.fsObjectProcessor>&) (at Library/PackageCache/com.unity.visualscripting@1.7.8/Runtime/VisualScripting.Core/Dependencies/FullSerializer/fsSerializer.cs:711)
Unity.VisualScripting.FullSerializer.fsSerializer:TryDeserialize (Unity.VisualScripting.FullSerializer.fsData,System.Type,System.Type,object&) (at Library/PackageCache/com.unity.visualscripting@1.7.8/Runtime/VisualScripting.Core/Dependencies/FullSerializer/fsSerializer.cs:664)
Unity.VisualScripting.Serialization:DeserializeJsonUtil (Unity.VisualScripting.FullSerializer.fsSerializer,string,object&,bool) (at Library/PackageCache/com.unity.visualscripting@1.7.8/Runtime/VisualScripting.Core/Serialization/Serialization.cs:182)
Unity.VisualScripting.Serialization:DeserializeJson (Unity.VisualScripting.FullSerializer.fsSerializer,string,object&,bool) (at Library/PackageCache/com.unity.visualscripting@1.7.8/Runtime/VisualScripting.Core/Serialization/Serialization.cs:196)
Unity.VisualScripting.Serialization:DeserializeInto (Unity.VisualScripting.SerializationData,object&,bool) (at Library/PackageCache/com.unity.visualscripting@1.7.8/Runtime/VisualScripting.Core/Serialization/Serialization.cs:122)
Unity.VisualScripting.LudiqScriptableObject:UnityEngine.ISerializationCallbackReceiver.OnAfterDeserialize () (at Library/PackageCache/com.unity.visualscripting@1.7.8/Runtime/VisualScripting.Core/Unity/LudiqScriptableObject.cs:52)

(Filename: Library/PackageCache/com.unity.visualscripting@1.7.8/Runtime/VisualScripting.Flow/Connections/UnitConnection.cs Line: 143)

Could not load connection between 'trigger' of 'OnEnterState#eea0e...' and 'Input' of 'SubgraphUnit#53531...'.
UnityEngine.StackTraceUtility:ExtractStackTrace ()
UnityEngine.DebugLogHandler:LogFormat (UnityEngine.LogType,UnityEngine.Object,string,object[])
UnityEngine.Logger:Log (UnityEngine.LogType,object)
UnityEngine.Debug:LogWarning (object)
Unity.VisualScripting.UnitConnection`2<Unity.VisualScripting.ControlOutput, Unity.VisualScripting.ControlInput>:HandleDependencies () (at Library/PackageCache/com.unity.visualscripting@1.7.8/Runtime/VisualScripting.Flow/Connections/UnitConnection.cs:143)
Unity.VisualScripting.Graph:OnAfterDependenciesDeserialized () (at Library/PackageCache/com.unity.visualscripting@1.7.8/Runtime/VisualScripting.Core/Graphs/Graph.cs:112)
Unity.VisualScripting.Serialization:CheckIfDependenciesMet (Unity.VisualScripting.ISerializationDepender) (at Library/PackageCache/com.unity.visualscripting@1.7.8/Runtime/VisualScripting.Core/Serialization/Serialization.cs:316)
Unity.VisualScripting.Serialization:AwaitDependencies (Unity.VisualScripting.ISerializationDepender) (at Library/PackageCache/com.unity.visualscripting@1.7.8/Runtime/VisualScripting.Core/Serialization/Serialization.cs:256)
Unity.VisualScripting.Graph:OnAfterDeserialize () (at Library/PackageCache/com.unity.visualscripting@1.7.8/Runtime/VisualScripting.Core/Graphs/Graph.cs:93)
Unity.VisualScripting.FullSerializer.fsSerializationCallbackReceiverProcessor:OnAfterDeserialize (System.Type,object) (at Library/PackageCache/com.unity.visualscripting@1.7.8/Runtime/VisualScripting.Core/Dependencies/FullSerializer/fsISerializationCallbacks.cs:127)
Unity.VisualScripting.FullSerializer.fsSerializer:Invoke_OnAfterDeserialize (System.Collections.Generic.List`1<Unity.VisualScripting.FullSerializer.fsObjectProcessor>,System.Type,object) (at Library/PackageCache/com.unity.visualscripting@1.7.8/Runtime/VisualScripting.Core/Dependencies/FullSerializer/fsSerializer.cs:1186)
Unity.VisualScripting.FullSerializer.fsSerializer:TryDeserialize (Unity.VisualScripting.FullSerializer.fsData,System.Type,System.Type,object&) (at Library/PackageCache/com.unity.visualscripting@1.7.8/Runtime/VisualScripting.Core/Dependencies/FullSerializer/fsSerializer.cs:673)
Unity.VisualScripting.FullSerializer.fsReflectedConverter:TryDeserialize (Unity.VisualScripting.FullSerializer.fsData,object&,System.Type) (at Library/PackageCache/com.unity.visualscripting@1.7.8/Runtime/VisualScripting.Core/Dependencies/FullSerializer/Converters/fsReflectedConverter.cs:97)
Unity.VisualScripting.FullSerializer.fsSerializer:InternalDeserialize_5_Converter (System.Type,Unity.VisualScripting.FullSerializer.fsData,System.Type,object&) (at Library/PackageCache/com.unity.visualscripting@1.7.8/Runtime/VisualScripting.Core/Dependencies/FullSerializer/fsSerializer.cs:897)
Unity.VisualScripting.FullSerializer.fsSerializer:InternalDeserialize_4_Cycles (System.Type,Unity.VisualScripting.FullSerializer.fsData,System.Type,object&) (at Library/PackageCache/com.unity.visualscripting@1.7.8/Runtime/VisualScripting.Core/Dependencies/FullSerializer/fsSerializer.cs:887)
Unity.VisualScripting.FullSerializer.fsSerializer:InternalDeserialize_3_Inheritance (System.Type,Unity.VisualScripting.FullSerializer.fsData,System.Type,object&,System.Collections.Generic.List`1<Unity.VisualScripting.FullSerializer.fsObjectProcessor>&) (at Library/PackageCache/com.unity.visualscripting@1.7.8/Runtime/VisualScripting.Core/Dependencies/FullSerializer/fsSerializer.cs:862)
Unity.VisualScripting.FullSerializer.fsSerializer:InternalDeserialize_2_Version (System.Type,Unity.VisualScripting.FullSerializer.fsData,System.Type,object&,System.Collections.Generic.List`1<Unity.VisualScripting.FullSerializer.fsObjectProcessor>&) (at Library/PackageCache/com.unity.visualscripting@1.7.8/Runtime/VisualScripting.Core/Dependencies/FullSerializer/fsSerializer.cs:766)
Unity.VisualScripting.FullSerializer.fsSerializer:InternalDeserialize_1_CycleReference (System.Type,Unity.VisualScripting.FullSerializer.fsData,System.Type,object&,System.Collections.Generic.List`1<Unity.VisualScripting.FullSerializer.fsObjectProcessor>&) (at Library/PackageCache/com.unity.visualscripting@1.7.8/Runtime/VisualScripting.Core/Dependencies/FullSerializer/fsSerializer.cs:711)
Unity.VisualScripting.FullSerializer.fsSerializer:TryDeserialize (Unity.VisualScripting.FullSerializer.fsData,System.Type,System.Type,object&) (at Library/PackageCache/com.unity.visualscripting@1.7.8/Runtime/VisualScripting.Core/Dependencies/FullSerializer/fsSerializer.cs:664)
Unity.VisualScripting.Serialization:DeserializeJsonUtil (Unity.VisualScripting.FullSerializer.fsSerializer,string,object&,bool) (at Library/PackageCache/com.unity.visualscripting@1.7.8/Runtime/VisualScripting.Core/Serialization/Serialization.cs:182)
Unity.VisualScripting.Serialization:DeserializeJson (Unity.VisualScripting.FullSerializer.fsSerializer,string,object&,bool) (at Library/PackageCache/com.unity.visualscripting@1.7.8/Runtime/VisualScripting.Core/Serialization/Serialization.cs:196)
Unity.VisualScripting.Serialization:DeserializeInto (Unity.VisualScripting.SerializationData,object&,bool) (at Library/PackageCache/com.unity.visualscripting@1.7.8/Runtime/VisualScripting.Core/Serialization/Serialization.cs:122)
Unity.VisualScripting.LudiqScriptableObject:UnityEngine.ISerializationCallbackReceiver.OnAfterDeserialize () (at Library/PackageCache/com.unity.visualscripting@1.7.8/Runtime/VisualScripting.Core/Unity/LudiqScriptableObject.cs:52)

(Filename: Library/PackageCache/com.unity.visualscripting@1.7.8/Runtime/VisualScripting.Flow/Connections/UnitConnection.cs Line: 143)

 -> (artifact id: '5c92b8a026fe8e2a92af766365ce9e6f') in 0.031014 seconds 
========================================================================
Received Import Request.
  Time since last request: 1616.213788 seconds.
  path: Assets/VisualScriptingTutorial/Tutorial/Prefabs/EdgeObjects/Door.prefab
  artifactKey: Guid(22d59b20465e9474da4bf1fabb934fd0) Importer(815301076,1909f56bfc062723c751e8b465ee728b)
Start importing Assets/VisualScriptingTutorial/Tutorial/Prefabs/EdgeObjects/Door.prefab using Guid(22d59b20465e9474da4bf1fabb934fd0) Importer(815301076,1909f56bfc062723c751e8b465ee728b)  -> (artifact id: 'fb3f8d1b89dc3332d639c775491d91f3') in 3.188819 seconds 
========================================================================
Received Import Request.
  Time since last request: 0.000041 seconds.
  path: Assets/VisualScriptingTutorial/Tutorial/Prefabs/CellObjects/PressureButton.prefab
  artifactKey: Guid(3e656f23bf321774c828d865739f52d0) Importer(815301076,1909f56bfc062723c751e8b465ee728b)
Start importing Assets/VisualScriptingTutorial/Tutorial/Prefabs/CellObjects/PressureButton.prefab using Guid(3e656f23bf321774c828d865739f52d0) Importer(815301076,1909f56bfc062723c751e8b465ee728b)  -> (artifact id: '2782389764f5066cb0901c1bf1a1e7f2') in 2.730106 seconds 
========================================================================
Received Import Request.
  Time since last request: 0.000059 seconds.
  path: Assets/VisualScriptingTutorial/Tutorial/Prefabs/CellObjects/Pit.prefab
  artifactKey: Guid(1f139a5221e53d0428d15d021cc453d8) Importer(815301076,1909f56bfc062723c751e8b465ee728b)
Start importing Assets/VisualScriptingTutorial/Tutorial/Prefabs/CellObjects/Pit.prefab using Guid(1f139a5221e53d0428d15d021cc453d8) Importer(815301076,1909f56bfc062723c751e8b465ee728b)  -> (artifact id: '9e3686b88fcd0eb6c92e92dc4f38f5be') in 2.451656 seconds 
========================================================================
Received Import Request.
  Time since last request: 14.135968 seconds.
  path: Assets/Settings/SampleSceneProfile.asset
  artifactKey: Guid(a6560a915ef98420e9faacc1c7438823) Importer(815301076,1909f56bfc062723c751e8b465ee728b)
Start importing Assets/Settings/SampleSceneProfile.asset using Guid(a6560a915ef98420e9faacc1c7438823) Importer(815301076,1909f56bfc062723c751e8b465ee728b)  -> (artifact id: 'f74d20747ad690fb51dd8c1e234a05d6') in 0.013684 seconds 
========================================================================
Received Import Request.
  Time since last request: 0.000052 seconds.
  path: Assets/Settings/URP-HighFidelity.asset
  artifactKey: Guid(7b7fd9122c28c4d15b667c7040e3b3fd) Importer(815301076,1909f56bfc062723c751e8b465ee728b)
Start importing Assets/Settings/URP-HighFidelity.asset using Guid(7b7fd9122c28c4d15b667c7040e3b3fd) Importer(815301076,1909f56bfc062723c751e8b465ee728b)  -> (artifact id: 'b557f3e1f60a34b4f056aa947ab53630') in 0.019869 seconds 
========================================================================
Received Import Request.
  Time since last request: 0.000029 seconds.
  path: Assets/Settings/URP-HighFidelity-Renderer.asset
  artifactKey: Guid(c40be3174f62c4acf8c1216858c64956) Importer(815301076,1909f56bfc062723c751e8b465ee728b)
Start importing Assets/Settings/URP-HighFidelity-Renderer.asset using Guid(c40be3174f62c4acf8c1216858c64956) Importer(815301076,1909f56bfc062723c751e8b465ee728b)  -> (artifact id: '08fef29988276fd03bb1db16ec574027') in 0.007959 seconds 
Editor requested this worker to shutdown with reason: Scaling down because of idle timeout
AssetImportWorker is now disconnected from the server
Process exiting
Exiting without the bug reporter. Application will terminate with return code 0